<?xml version="1.0" encoding="UTF-8"?>
<testng-results skipped="0" failed="0" ignored="0" total="1" passed="1">
  <reporter-output>
  </reporter-output>
  <suite name="Default suite" duration-ms="556576" started-at="2019-06-06T08:40:45Z" finished-at="2019-06-06T08:50:02Z">
    <groups>
    </groups>
    <test name="Default test" duration-ms="556576" started-at="2019-06-06T08:40:45Z" finished-at="2019-06-06T08:50:02Z">
      <class name="PolicyService.AzureTestCase">
        <test-method status="PASS" signature="beforeSuite()[pri:0, instance:PolicyService.AzureTestCase@306279ee]" name="beforeSuite" is-config="true" duration-ms="354" started-at="2019-06-06T08:40:45Z" finished-at="2019-06-06T08:40:45Z">
          <reporter-output>
          </reporter-output>
        </test-method> <!-- beforeSuite -->
        <test-method status="PASS" signature="beforeClass()[pri:0, instance:PolicyService.AzureTestCase@306279ee]" name="beforeClass" is-config="true" duration-ms="0" started-at="2019-06-06T08:40:45Z" finished-at="2019-06-06T08:40:45Z">
          <reporter-output>
          </reporter-output>
        </test-method> <!-- beforeClass -->
        <test-method status="PASS" signature="beforeMethod(java.lang.reflect.Method)[pri:0, instance:PolicyService.AzureTestCase@306279ee]" name="beforeMethod" is-config="true" duration-ms="8027" started-at="2019-06-06T08:40:45Z" finished-at="2019-06-06T08:40:53Z">
          <params>
            <param index="0">
              <value>
                <![CDATA[public void PolicyService.AzureTestCase.AzureTestCase_Flow()]]>
              </value>
            </param>
          </params>
          <reporter-output>
          </reporter-output>
        </test-method> <!-- beforeMethod -->
        <test-method status="PASS" signature="AzureTestCase_Flow()[pri:0, instance:PolicyService.AzureTestCase@306279ee]" name="AzureTestCase_Flow" duration-ms="546000" started-at="2019-06-06T08:40:53Z" finished-at="2019-06-06T08:49:59Z">
          <reporter-output>
          </reporter-output>
        </test-method> <!-- AzureTestCase_Flow -->
        <test-method status="PASS" signature="tearDown(org.testng.ITestResult)[pri:0, instance:PolicyService.AzureTestCase@306279ee]" name="tearDown" is-config="true" duration-ms="2518" started-at="2019-06-06T08:49:59Z" finished-at="2019-06-06T08:50:02Z">
          <params>
            <param index="0">
              <value>
                <![CDATA[[TestResult name=AzureTestCase_Flow status=SUCCESS method=AzureTestCase.AzureTestCase_Flow()[pri:0, instance:PolicyService.AzureTestCase@306279ee] output={null}]]]>
              </value>
            </param>
          </params>
          <reporter-output>
          </reporter-output>
        </test-method> <!-- tearDown -->
      </class> <!-- PolicyService.AzureTestCase -->
    </test> <!-- Default test -->
  </suite> <!-- Default suite -->
</testng-results>
