<?xml version="1.0" encoding="UTF-8"?>
<!-- Generated by org.testng.reporters.JUnitXMLReporter -->
<testsuite ignored="6" hostname="W-5CG7353LY6" failures="0" tests="8" name="Test" time="1896.386" errors="0" timestamp="2021-02-01T13:02:12 IST">
  <testcase classname="EdgeServices.GLobalActionCreationandDelete" name="CreateGlobalActionupdateDelete" time="182.217"/>
  <testcase classname="EdgeServices.GlobalRDSCreationAndDelete" name="CreateRDSwithGetMethod" time="161.81"/>
  <testcase classname="EdgeServices.GlobalRDSCreationAndDelete" name="Copy_Edit_Update_Save_DeleteGetMethodRDS" time="39.096"/>
  <testcase classname="EdgeServices.GlobalRDSCreationAndDelete" name="CreateRDSwithPostMethod" time="78.288"/>
  <testcase classname="EdgeServices.GlobalRDSCreationAndDelete" name="Edit_Update_Save_DeletePostMethodRDS" time="29.788"/>
  <testcase classname="EdgeServices.InboundConnectorTypeslistandOutBoundConnectortypeCreateUpdateandDelete" name="TC01_ViewList_InboundConnectorstypes" time="117.994"/>
  <testcase classname="EdgeServices.InboundConnectorTypeslistandOutBoundConnectortypeCreateUpdateandDelete" name="TC02_GlobaloutboundConnectortypeandDeleting" time="164.305"/>
  <testcase classname="EdgeServices.RestrictPassword_UIMaskingwithAllOutboundconnectortypes" name="RestrictPassword_UIMasking_Testcase" time="1097.944"/>
  <testcase classname="BaseComponent.BaseTest" name="@BeforeSuite beforeSuite" time="0.0">
    <ignored/>
  </testcase> <!-- @BeforeSuite beforeSuite -->
  <testcase classname="BaseComponent.BaseTest" name="@BeforeSuite beforeSuite" time="0.0">
    <ignored/>
  </testcase> <!-- @BeforeSuite beforeSuite -->
  <testcase classname="BaseComponent.BaseTest" name="@BeforeSuite beforeSuite" time="0.0">
    <ignored/>
  </testcase> <!-- @BeforeSuite beforeSuite -->
  <testcase classname="BaseComponent.BaseTest" name="@AfterSuite AfterSuite" time="0.0">
    <ignored/>
  </testcase> <!-- @AfterSuite AfterSuite -->
  <testcase classname="BaseComponent.BaseTest" name="@AfterSuite AfterSuite" time="0.0">
    <ignored/>
  </testcase> <!-- @AfterSuite AfterSuite -->
  <testcase classname="BaseComponent.BaseTest" name="@AfterSuite AfterSuite" time="0.0">
    <ignored/>
  </testcase> <!-- @AfterSuite AfterSuite -->
</testsuite> <!-- Test -->
