<?xml version="1.0" encoding="UTF-8"?>
<!-- Generated by org.testng.reporters.JUnitXMLReporter -->
<testsuite ignored="8" hostname="W-5CG7353LY6" failures="0" tests="9" name="Test" time="2120.397" errors="0" timestamp="2021-03-15T13:19:06 IST">
  <testcase classname="EdgeServices.GLobalActionCreationandDelete" name="CreateGlobalActionupdateDelete" time="171.612"/>
  <testcase classname="EdgeServices.GlobalRDSCreationAndDelete" name="CreateRDSwithGetMethod" time="147.603"/>
  <testcase classname="EdgeServices.GlobalRDSCreationAndDelete" name="Copy_Edit_Update_Save_DeleteGetMethodRDS" time="39.35"/>
  <testcase classname="EdgeServices.GlobalRDSCreationAndDelete" name="CreateRDSwithPostMethod" time="78.889"/>
  <testcase classname="EdgeServices.GlobalRDSCreationAndDelete" name="Edit_Update_Save_DeletePostMethodRDS" time="29.838"/>
  <testcase classname="EdgeServices.InboundConnectorTypeslistandOutBoundConnectortypeCreateUpdateandDelete" name="TC01_ViewList_InboundConnectorstypes" time="124.86"/>
  <testcase classname="EdgeServices.InboundConnectorTypeslistandOutBoundConnectortypeCreateUpdateandDelete" name="TC02_GlobaloutboundConnectortypeandDeleting" time="165.191"/>
  <testcase classname="EdgeServices.RestrictPassword_UIMaskingwithAllOutboundconnectortypes" name="RestrictPassword_UIMasking_Testcase" time="1092.056"/>
  <testcase classname="EdgeServices.GlobalOutboundConnectorCreationUpdationandDelete" name="CreateOutboundConnectorEditUpdateDelete" time="235.028"/>
  <testcase classname="BaseComponent.BaseTest" name="@BeforeSuite beforeSuite" time="0.0">
    <ignored/>
  </testcase> <!-- @BeforeSuite beforeSuite -->
  <testcase classname="BaseComponent.BaseTest" name="@BeforeSuite beforeSuite" time="0.0">
    <ignored/>
  </testcase> <!-- @BeforeSuite beforeSuite -->
  <testcase classname="BaseComponent.BaseTest" name="@BeforeSuite beforeSuite" time="0.0">
    <ignored/>
  </testcase> <!-- @BeforeSuite beforeSuite -->
  <testcase classname="BaseComponent.BaseTest" name="@BeforeSuite beforeSuite" time="0.0">
    <ignored/>
  </testcase> <!-- @BeforeSuite beforeSuite -->
  <testcase classname="BaseComponent.BaseTest" name="@AfterSuite AfterSuite" time="0.0">
    <ignored/>
  </testcase> <!-- @AfterSuite AfterSuite -->
  <testcase classname="BaseComponent.BaseTest" name="@AfterSuite AfterSuite" time="0.0">
    <ignored/>
  </testcase> <!-- @AfterSuite AfterSuite -->
  <testcase classname="BaseComponent.BaseTest" name="@AfterSuite AfterSuite" time="0.0">
    <ignored/>
  </testcase> <!-- @AfterSuite AfterSuite -->
  <testcase classname="BaseComponent.BaseTest" name="@AfterSuite AfterSuite" time="0.0">
    <ignored/>
  </testcase> <!-- @AfterSuite AfterSuite -->
</testsuite> <!-- Test -->
