<?xml version="1.0" encoding="UTF-8"?>
<!-- Generated by org.testng.reporters.JUnitXMLReporter -->
<testsuite ignored="12" hostname="W-5CG7353LY6" failures="1" tests="11" name="Test" time="6747.242" errors="0" timestamp="2021-02-11T12:29:53 IST">
  <testcase classname="EdgeServices.SettingIOTInstance_SetEdgeConsolePasswordandBackendtimeZonePropertytoGatewaylevel_InstallCoreServicestoGateway" name="SetEdgeIOTServicePlatform_SetEdgeConsolePasswordandAddCoreServicestoGateway" time="487.137"/>
  <testcase classname="EdgeServices.PersistenceServiceConfigurationCreationByDataRetensionandDeployedtoGateway" name="PersistenceService_DataRetension_flow" time="802.042">
    <failure type="java.lang.NullPointerException" message="Cannot invoke &amp;quot;UtilityComponent.FunctionalComponents.getScreenshot()&amp;quot; because &amp;quot;this.functionalcomponents&amp;quot; is null">
      <![CDATA[java.lang.NullPointerException: Cannot invoke "UtilityComponent.FunctionalComponents.getScreenshot()" because "this.functionalcomponents" is null
at BaseComponent.BaseTest.failedDescription(BaseTest.java:111)
at EdgeServiceComponents.EdgeServiceFunctions.PersistenceConfigDeploymenttoGateway(EdgeServiceFunctions.java:245)
at EdgeServices.PersistenceServiceConfigurationCreationByDataRetensionandDeployedtoGateway.PersistenceService_DataRetension_flow(PersistenceServiceConfigurationCreationByDataRetensionandDeployedtoGateway.java:114)
at java.base/java.util.ArrayList.forEach(ArrayList.java:1511)
... Removed 27 stack frames]]>
    </failure>
  </testcase> <!-- PersistenceService_DataRetension_flow -->
  <testcase classname="EdgeServices.CustomServiceCreation_CustomConfigCreation_DeployConfigstoGateway_DeleteServiceandConfig" name="CreateCustomServicewithConfigsandDeployed" time="777.197"/>
  <testcase classname="EdgeServices.EBFServiceConfigCreationwithFSMandPSM_PlantActivation_ConfigDeploytoGatewaywithPlantID" name="CreateEBFConfigurationwithFieldsmaintenceBuisnessModule" time="374.363"/>
  <testcase classname="EdgeServices.EBFServiceConfigCreationwithFSMandPSM_PlantActivation_ConfigDeploytoGatewaywithPlantID" name="AddPlantstoEBFCloudSyncService" time="21.956"/>
  <testcase classname="EdgeServices.EBFServiceConfigCreationwithFSMandPSM_PlantActivation_ConfigDeploytoGatewaywithPlantID" name="CreateEBFConfigurationwithPlantmaintenceBuisnessModule_DeplyedtoGW" time="598.399"/>
  <testcase classname="EdgeServices.CustomPropertyCreation_AddingUserCustomPropertytoGateWay_EditUpdateDeleteProperty" name="UserTypeCustomPropertiesCreateUpdateandDeleting" time="135.52"/>
  <testcase classname="EdgeServices.CustomPropertyCreation_AddingUserCustomPropertytoGateWay_EditUpdateDeleteProperty" name="AddingCustomPropertiestoGateway" time="46.381"/>
  <testcase classname="EdgeServices.CustomPropertyCreation_AddingUserCustomPropertytoGateWay_EditUpdateDeleteProperty" name="RemovepropertyfromgatewayandDeleteUserConfigProperty" time="202.789"/>
  <testcase classname="EdgeServices.CreateGroup_AddingGateway_AddingServices_CombineStreamingConfigs_DeployConfigs" name="PolicyServiceGroupandGatewayfunctionality" time="821.709"/>
  <testcase classname="EdgeServices.RemoveCoreSevicesfromGateway_ReinstallCoreServicestoGateway" name="Services_Reinstall_Functionailty_Testcase" time="2411.57"/>
  <testcase classname="BaseComponent.BaseTest" name="@BeforeSuite beforeSuite" time="0.0">
    <ignored/>
  </testcase> <!-- @BeforeSuite beforeSuite -->
  <testcase classname="BaseComponent.BaseTest" name="@BeforeSuite beforeSuite" time="0.0">
    <ignored/>
  </testcase> <!-- @BeforeSuite beforeSuite -->
  <testcase classname="BaseComponent.BaseTest" name="@BeforeSuite beforeSuite" time="0.0">
    <ignored/>
  </testcase> <!-- @BeforeSuite beforeSuite -->
  <testcase classname="BaseComponent.BaseTest" name="@BeforeSuite beforeSuite" time="0.0">
    <ignored/>
  </testcase> <!-- @BeforeSuite beforeSuite -->
  <testcase classname="BaseComponent.BaseTest" name="@BeforeSuite beforeSuite" time="0.0">
    <ignored/>
  </testcase> <!-- @BeforeSuite beforeSuite -->
  <testcase classname="BaseComponent.BaseTest" name="@BeforeSuite beforeSuite" time="0.0">
    <ignored/>
  </testcase> <!-- @BeforeSuite beforeSuite -->
  <testcase classname="BaseComponent.BaseTest" name="@AfterSuite AfterSuite" time="0.0">
    <ignored/>
  </testcase> <!-- @AfterSuite AfterSuite -->
  <testcase classname="BaseComponent.BaseTest" name="@AfterSuite AfterSuite" time="0.0">
    <ignored/>
  </testcase> <!-- @AfterSuite AfterSuite -->
  <testcase classname="BaseComponent.BaseTest" name="@AfterSuite AfterSuite" time="0.0">
    <ignored/>
  </testcase> <!-- @AfterSuite AfterSuite -->
  <testcase classname="BaseComponent.BaseTest" name="@AfterSuite AfterSuite" time="0.0">
    <ignored/>
  </testcase> <!-- @AfterSuite AfterSuite -->
  <testcase classname="BaseComponent.BaseTest" name="@AfterSuite AfterSuite" time="0.0">
    <ignored/>
  </testcase> <!-- @AfterSuite AfterSuite -->
  <testcase classname="BaseComponent.BaseTest" name="@AfterSuite AfterSuite" time="0.0">
    <ignored/>
  </testcase> <!-- @AfterSuite AfterSuite -->
</testsuite> <!-- Test -->
