<?xml version="1.0" encoding="UTF-8"?>
<!-- Generated by org.testng.reporters.JUnitXMLReporter -->
<testsuite ignored="10" hostname="W-5CG7353LY6" failures="0" tests="10" name="Test" time="5718.18" errors="0" timestamp="2021-03-15T13:23:33 IST">
  <testcase classname="EdgeServices.SettingIOTInstance_SetEdgeConsolePasswordandBackendtimeZonePropertytoGatewaylevel_InstallCoreServicestoGateway" name="SetEdgeIOTServicePlatform_SetEdgeConsolePasswordandAddCoreServicestoGateway" time="2310.364"/>
  <testcase classname="EdgeServices.PersistenceServiceConfigurationCreationByDataRetensionandDeployedtoGateway" name="PersistenceService_DataRetension_flow" time="694.559"/>
  <testcase classname="EdgeServices.EBFServiceConfigCreationwithFSMandPSM_PlantActivation_ConfigDeploytoGatewaywithPlantID" name="CreateEBFConfigurationwithFieldsmaintenceBuisnessModule" time="365.805"/>
  <testcase classname="EdgeServices.EBFServiceConfigCreationwithFSMandPSM_PlantActivation_ConfigDeploytoGatewaywithPlantID" name="AddPlantstoEBFCloudSyncService" time="22.471"/>
  <testcase classname="EdgeServices.EBFServiceConfigCreationwithFSMandPSM_PlantActivation_ConfigDeploytoGatewaywithPlantID" name="CreateEBFConfigurationwithPlantmaintenceBuisnessModule_DeplyedtoGW" time="616.319"/>
  <testcase classname="EdgeServices.CustomPropertyCreation_AddingUserCustomPropertytoGateWay_EditUpdateDeleteProperty" name="UserTypeCustomPropertiesCreateUpdateandDeleting" time="135.638"/>
  <testcase classname="EdgeServices.CustomPropertyCreation_AddingUserCustomPropertytoGateWay_EditUpdateDeleteProperty" name="AddingCustomPropertiestoGateway" time="41.15"/>
  <testcase classname="EdgeServices.CustomPropertyCreation_AddingUserCustomPropertytoGateWay_EditUpdateDeleteProperty" name="RemovepropertyfromgatewayandDeleteUserConfigProperty" time="230.295"/>
  <testcase classname="EdgeServices.CustomServiceCreation_CustomConfigCreation_DeployConfigstoGateway_DeleteServiceandConfig" name="CreateCustomServicewithConfigsandDeployed" time="585.922"/>
  <testcase classname="EdgeServices.CreateGroup_AddingGateway_AddingServices_CombineStreamingConfigs_DeployConfigs" name="PolicyServiceGroupandGatewayfunctionality" time="680.106"/>
  <testcase classname="BaseComponent.BaseTest" name="@BeforeSuite beforeSuite" time="0.0">
    <ignored/>
  </testcase> <!-- @BeforeSuite beforeSuite -->
  <testcase classname="BaseComponent.BaseTest" name="@BeforeSuite beforeSuite" time="0.0">
    <ignored/>
  </testcase> <!-- @BeforeSuite beforeSuite -->
  <testcase classname="BaseComponent.BaseTest" name="@BeforeSuite beforeSuite" time="0.0">
    <ignored/>
  </testcase> <!-- @BeforeSuite beforeSuite -->
  <testcase classname="BaseComponent.BaseTest" name="@BeforeSuite beforeSuite" time="0.0">
    <ignored/>
  </testcase> <!-- @BeforeSuite beforeSuite -->
  <testcase classname="BaseComponent.BaseTest" name="@BeforeSuite beforeSuite" time="0.0">
    <ignored/>
  </testcase> <!-- @BeforeSuite beforeSuite -->
  <testcase classname="BaseComponent.BaseTest" name="@AfterSuite AfterSuite" time="0.0">
    <ignored/>
  </testcase> <!-- @AfterSuite AfterSuite -->
  <testcase classname="BaseComponent.BaseTest" name="@AfterSuite AfterSuite" time="0.0">
    <ignored/>
  </testcase> <!-- @AfterSuite AfterSuite -->
  <testcase classname="BaseComponent.BaseTest" name="@AfterSuite AfterSuite" time="0.0">
    <ignored/>
  </testcase> <!-- @AfterSuite AfterSuite -->
  <testcase classname="BaseComponent.BaseTest" name="@AfterSuite AfterSuite" time="0.0">
    <ignored/>
  </testcase> <!-- @AfterSuite AfterSuite -->
  <testcase classname="BaseComponent.BaseTest" name="@AfterSuite AfterSuite" time="0.0">
    <ignored/>
  </testcase> <!-- @AfterSuite AfterSuite -->
</testsuite> <!-- Test -->
