<?xml version="1.0" encoding="UTF-8"?>
<!-- Generated by org.testng.reporters.JUnitXMLReporter -->
<testsuite hostname="INLN56593756A" ignored="16" name="Test" tests="17" failures="0" timestamp="08 May 2019 07:35:16 GMT" time="5111.683" errors="0">
  <testcase name="TC01_CreateSensorProfilewith_ActiontypeFieldmessageand_RuletypeValuemonitoring_Flow" time="176.628" classname="StreamingService.Test_CreateSensorProfilewithActiontypeFieldmessageandRuletypeValuemonitoring"/>
  <testcase name="TC20_Test_Valuemonitoring_deviceid" time="231.121" classname="StreamingService.Test_Valuemonitoring_deviceid"/>
  <testcase name="TC18_Test_VM_equality_deviceid" time="239.359" classname="StreamingService.Test_VM_equality_deviceid"/>
  <testcase name="TC16_Test_VM_equality_Tolerance_DeviceID" time="228.449" classname="StreamingService.Test_VM_equality_Tolerance_DeviceID"/>
  <testcase name="TC17_Test_VM_equality_Tolerance" time="222.97" classname="StreamingService.Test_VM_equality_Tolerance"/>
  <testcase name="TC19_Test_VM_equality" time="226.892" classname="StreamingService.Test_VM_equality"/>
  <testcase name="TC10_Test_VM_smallerthan_Deviceid" time="225.596" classname="StreamingService.Test_VM_Smallerthan_Deviceid"/>
  <testcase name="TC11_Test_VM_smallerthan" time="225.282" classname="StreamingService.Test_VM_smallerthan"/>
  <testcase name="TC08_Test_VM_Tiered_Critical_DeviceID_Flow" time="355.716" classname="StreamingService.Test_VM_Tiered_Critical_DeviceID_Flow"/>
  <testcase name="TC07_Test_VM_Tiered_Critical_Devicetag_Flow" time="408.673" classname="StreamingService.Test_VM_Tiered_critical_devicetag"/>
  <testcase name="TC05_Test_VM_Tiered_Critical_SensorTag_Flow" time="384.897" classname="StreamingService.Test_VM_Tiered_Critical_SensorTag"/>
  <testcase name="TC09_Test_VM_tiered_Critical" time="386.472" classname="StreamingService.Test_VM_tiered_Critical"/>
  <testcase name="TC04_Test_VM_tiered_warning_Flow" time="396.854" classname="StreamingService.Test_VM_tiered_warning"/>
  <testcase name="TC06_Test_VM_Tiered_Critical_SensorID_Flow" time="370.269" classname="StreamingService.Test_VM_tieredcritical_sensorID"/>
  <testcase name="TC_03_TestVMtwoSensors_SmallerThanGreaterThan_Flow" time="434.083" classname="StreamingService.Test_VMtwoSensors_SmallerThanGreaterThan"/>
  <testcase name="TC21_Test_timedstate_greatetha0_sensorTag" time="232.803" classname="StreamingService.Test_timedstate_greatetha0_sensorTag"/>
  <testcase name="TC02_Custom_Over100" time="257.946" classname="StreamingService.Test_Custom_Over_100"/>
  <testcase name="@BeforeSuite beforeSuite" time="0.0" classname="StreamingService.BaseTest">
    <ignored/>
  </testcase> <!-- @BeforeSuite beforeSuite -->
  <testcase name="@BeforeSuite beforeSuite" time="0.0" classname="StreamingService.BaseTest">
    <ignored/>
  </testcase> <!-- @BeforeSuite beforeSuite -->
  <testcase name="@BeforeSuite beforeSuite" time="0.0" classname="StreamingService.BaseTest">
    <ignored/>
  </testcase> <!-- @BeforeSuite beforeSuite -->
  <testcase name="@BeforeSuite beforeSuite" time="0.0" classname="StreamingService.BaseTest">
    <ignored/>
  </testcase> <!-- @BeforeSuite beforeSuite -->
  <testcase name="@BeforeSuite beforeSuite" time="0.0" classname="StreamingService.BaseTest">
    <ignored/>
  </testcase> <!-- @BeforeSuite beforeSuite -->
  <testcase name="@BeforeSuite beforeSuite" time="0.0" classname="StreamingService.BaseTest">
    <ignored/>
  </testcase> <!-- @BeforeSuite beforeSuite -->
  <testcase name="@BeforeSuite beforeSuite" time="0.0" classname="StreamingService.BaseTest">
    <ignored/>
  </testcase> <!-- @BeforeSuite beforeSuite -->
  <testcase name="@BeforeSuite beforeSuite" time="0.0" classname="StreamingService.BaseTest">
    <ignored/>
  </testcase> <!-- @BeforeSuite beforeSuite -->
  <testcase name="@BeforeSuite beforeSuite" time="0.0" classname="StreamingService.BaseTest">
    <ignored/>
  </testcase> <!-- @BeforeSuite beforeSuite -->
  <testcase name="@BeforeSuite beforeSuite" time="0.0" classname="StreamingService.BaseTest">
    <ignored/>
  </testcase> <!-- @BeforeSuite beforeSuite -->
  <testcase name="@BeforeSuite beforeSuite" time="0.0" classname="StreamingService.BaseTest">
    <ignored/>
  </testcase> <!-- @BeforeSuite beforeSuite -->
  <testcase name="@BeforeSuite beforeSuite" time="0.0" classname="StreamingService.BaseTest">
    <ignored/>
  </testcase> <!-- @BeforeSuite beforeSuite -->
  <testcase name="@BeforeSuite beforeSuite" time="0.0" classname="StreamingService.BaseTest">
    <ignored/>
  </testcase> <!-- @BeforeSuite beforeSuite -->
  <testcase name="@BeforeSuite beforeSuite" time="0.0" classname="StreamingService.BaseTest">
    <ignored/>
  </testcase> <!-- @BeforeSuite beforeSuite -->
  <testcase name="@BeforeSuite beforeSuite" time="0.0" classname="StreamingService.BaseTest">
    <ignored/>
  </testcase> <!-- @BeforeSuite beforeSuite -->
  <testcase name="@BeforeSuite beforeSuite" time="0.0" classname="StreamingService.BaseTest">
    <ignored/>
  </testcase> <!-- @BeforeSuite beforeSuite -->
</testsuite> <!-- Test -->
