<?xml version="1.0" encoding="UTF-8"?>
<!-- Generated by org.testng.reporters.JUnitXMLReporter -->
<testsuite hostname="INLN56593756A" ignored="6" name="Test" tests="2" failures="0" timestamp="12 Feb 2020 10:30:41 GMT" time="297.113" errors="0">
  <testcase name="CreateCustomoutboundConnectortypeandDeleting" time="177.4" classname="EdgeServices.GlobalCustomOutBoundConnectortypeCreationandDelete"/>
  <testcase name="CreateRuleExtensionTypeandDeleting" time="106.067" classname="EdgeServices.GlobalRuleExtensionTypeCreationandDelete"/>
  <testcase name="@AfterSuite AfterSuite" time="0.0" classname="EdgeServices.BaseTest">
    <ignored/>
  </testcase> <!-- @AfterSuite AfterSuite -->
  <testcase name="@AfterSuite AfterSuite" time="0.0" classname="EdgeServices.BaseTest">
    <ignored/>
  </testcase> <!-- @AfterSuite AfterSuite -->
  <testcase name="@AfterSuite AfterSuite" time="0.0" classname="EdgeServices.BaseTest">
    <ignored/>
  </testcase> <!-- @AfterSuite AfterSuite -->
  <testcase name="@BeforeSuite beforeSuite" time="0.0" classname="EdgeServices.BaseTest">
    <ignored/>
  </testcase> <!-- @BeforeSuite beforeSuite -->
  <testcase name="@BeforeSuite beforeSuite" time="0.0" classname="EdgeServices.BaseTest">
    <ignored/>
  </testcase> <!-- @BeforeSuite beforeSuite -->
  <testcase name="@BeforeSuite beforeSuite" time="0.0" classname="EdgeServices.BaseTest">
    <ignored/>
  </testcase> <!-- @BeforeSuite beforeSuite -->
</testsuite> <!-- Test -->
